Python 3.11.9
/c/Users/Cody/Desktop/tau_crystal/tau_crystal/.py311/python311._pth already enables 'import site'
bootstrapping pip via get-pip.py
Collecting pip
  Downloading pip-25.2-py3-none-any.whl.metadata (4.7 kB)
Collecting setuptools
  Downloading setuptools-80.9.0-py3-none-any.whl.metadata (6.6 kB)
Collecting wheel
  Downloading wheel-0.45.1-py3-none-any.whl.metadata (2.3 kB)
Downloading pip-25.2-py3-none-any.whl (1.8 MB)
   ---------------------------------------- 1.8/1.8 MB 1.9 MB/s  0:00:00
Downloading setuptools-80.9.0-py3-none-any.whl (1.2 MB)
   ---------------------------------------- 1.2/1.2 MB 2.2 MB/s  0:00:00
Downloading wheel-0.45.1-py3-none-any.whl (72 kB)
Installing collected packages: wheel, setuptools, pip
  WARNING: The script wheel.exe is installed in 'C:\Users\Cody\Desktop\tau_crystal\tau_crystal\.py311\Scripts' which is not on PATH.
  Consider adding this directory to PATH or, if you prefer to suppress this warning, use --no-warn-script-location.
  WARNING: The scripts pip.exe, pip3.11.exe and pip3.exe are installed in 'C:\Users\Cody\Desktop\tau_crystal\tau_crystal\.py311\Scripts' which is not on PATH.
  Consider adding this directory to PATH or, if you prefer to suppress this warning, use --no-warn-script-location.

Successfully installed pip-25.2 setuptools-80.9.0 wheel-0.45.1
Requirement already satisfied: pip in c:\users\cody\desktop\tau_crystal\tau_crystal\.py311\lib\site-packages (25.2)
Requirement already satisfied: wheel in c:\users\cody\desktop\tau_crystal\tau_crystal\.py311\lib\site-packages (0.45.1)
Requirement already satisfied: setuptools in c:\users\cody\desktop\tau_crystal\tau_crystal\.py311\lib\site-packages (80.9.0)
Collecting numpy
  Downloading numpy-2.3.3-cp311-cp311-win_amd64.whl.metadata (60 kB)
Collecting pillow
  Downloading pillow-11.3.0-cp311-cp311-win_amd64.whl.metadata (9.2 kB)
Collecting opencv-python==4.10.0.84
  Downloading opencv_python-4.10.0.84-cp37-abi3-win_amd64.whl.metadata (20 kB)
Collecting mediapipe==0.10.14
  Downloading mediapipe-0.10.14-cp311-cp311-win_amd64.whl.metadata (9.9 kB)
Collecting protobuf<5 (from -r C:/Users/Cody/Desktop/tau_crystal/tau_crystal/.py311_constraints.txt (line 1))
  Downloading protobuf-4.25.8-cp310-abi3-win_amd64.whl.metadata (541 bytes)
Collecting absl-py>=1.4.0 (from -r C:/Users/Cody/Desktop/tau_crystal/tau_crystal/.py311_constraints.txt (line 2))
  Downloading absl_py-2.3.1-py3-none-any.whl.metadata (3.3 kB)
Collecting attrs>=23 (from -r C:/Users/Cody/Desktop/tau_crystal/tau_crystal/.py311_constraints.txt (line 3))
  Downloading attrs-25.3.0-py3-none-any.whl.metadata (10 kB)
Collecting flatbuffers>=23 (from -r C:/Users/Cody/Desktop/tau_crystal/tau_crystal/.py311_constraints.txt (line 4))
  Downloading flatbuffers-25.2.10-py2.py3-none-any.whl.metadata (875 bytes)
Collecting jax (from mediapipe==0.10.14)
  Downloading jax-0.7.2-py3-none-any.whl.metadata (13 kB)
Collecting jaxlib (from mediapipe==0.10.14)
  Downloading jaxlib-0.7.2-cp311-cp311-win_amd64.whl.metadata (1.4 kB)
Collecting matplotlib (from mediapipe==0.10.14)
  Downloading matplotlib-3.10.6-cp311-cp311-win_amd64.whl.metadata (11 kB)
Collecting opencv-contrib-python (from mediapipe==0.10.14)
  Downloading opencv_contrib_python-4.12.0.88-cp37-abi3-win_amd64.whl.metadata (20 kB)
Collecting sounddevice>=0.4.4 (from mediapipe==0.10.14)
  Downloading sounddevice-0.5.2-py3-none-win_amd64.whl.metadata (1.6 kB)
Collecting CFFI>=1.0 (from sounddevice>=0.4.4->mediapipe==0.10.14)
  Downloading cffi-2.0.0-cp311-cp311-win_amd64.whl.metadata (2.6 kB)
Collecting pycparser (from CFFI>=1.0->sounddevice>=0.4.4->mediapipe==0.10.14)
  Downloading pycparser-2.23-py3-none-any.whl.metadata (993 bytes)
Collecting ml_dtypes>=0.5.0 (from jax->mediapipe==0.10.14)
  Downloading ml_dtypes-0.5.3-cp311-cp311-win_amd64.whl.metadata (9.2 kB)
Collecting opt_einsum (from jax->mediapipe==0.10.14)
  Downloading opt_einsum-3.4.0-py3-none-any.whl.metadata (6.3 kB)
Collecting scipy>=1.13 (from jax->mediapipe==0.10.14)
  Downloading scipy-1.16.2-cp311-cp311-win_amd64.whl.metadata (60 kB)
Collecting contourpy>=1.0.1 (from matplotlib->mediapipe==0.10.14)
  Downloading contourpy-1.3.3-cp311-cp311-win_amd64.whl.metadata (5.5 kB)
Collecting cycler>=0.10 (from matplotlib->mediapipe==0.10.14)
  Downloading cycler-0.12.1-py3-none-any.whl.metadata (3.8 kB)
Collecting fonttools>=4.22.0 (from matplotlib->mediapipe==0.10.14)
  Downloading fonttools-4.60.0-cp311-cp311-win_amd64.whl.metadata (113 kB)
Collecting kiwisolver>=1.3.1 (from matplotlib->mediapipe==0.10.14)
  Downloading kiwisolver-1.4.9-cp311-cp311-win_amd64.whl.metadata (6.4 kB)
Collecting packaging>=20.0 (from matplotlib->mediapipe==0.10.14)
  Downloading packaging-25.0-py3-none-any.whl.metadata (3.3 kB)
Collecting pyparsing>=2.3.1 (from matplotlib->mediapipe==0.10.14)
  Downloading pyparsing-3.2.5-py3-none-any.whl.metadata (5.0 kB)
Collecting python-dateutil>=2.7 (from matplotlib->mediapipe==0.10.14)
  Downloading python_dateutil-2.9.0.post0-py2.py3-none-any.whl.metadata (8.4 kB)
Collecting six>=1.5 (from python-dateutil>=2.7->matplotlib->mediapipe==0.10.14)
  Downloading six-1.17.0-py2.py3-none-any.whl.metadata (1.7 kB)
Collecting numpy
  Downloading numpy-2.2.6-cp311-cp311-win_amd64.whl.metadata (60 kB)
Downloading opencv_python-4.10.0.84-cp37-abi3-win_amd64.whl (38.8 MB)
   ---------------------------------------- 38.8/38.8 MB 3.1 MB/s  0:00:12
Downloading mediapipe-0.10.14-cp311-cp311-win_amd64.whl (50.8 MB)
   ---------------------------------------- 50.8/50.8 MB 3.2 MB/s  0:00:16
Downloading protobuf-4.25.8-cp310-abi3-win_amd64.whl (413 kB)
Downloading pillow-11.3.0-cp311-cp311-win_amd64.whl (7.0 MB)
   ---------------------------------------- 7.0/7.0 MB 3.3 MB/s  0:00:02
Downloading absl_py-2.3.1-py3-none-any.whl (135 kB)
Downloading attrs-25.3.0-py3-none-any.whl (63 kB)
Downloading flatbuffers-25.2.10-py2.py3-none-any.whl (30 kB)
Downloading sounddevice-0.5.2-py3-none-win_amd64.whl (363 kB)
Downloading cffi-2.0.0-cp311-cp311-win_amd64.whl (182 kB)
Downloading jax-0.7.2-py3-none-any.whl (2.8 MB)
   ---------------------------------------- 2.8/2.8 MB 3.1 MB/s  0:00:00
Downloading jaxlib-0.7.2-cp311-cp311-win_amd64.whl (58.0 MB)
   ---------------------------------------- 58.0/58.0 MB 3.0 MB/s  0:00:19
Downloading ml_dtypes-0.5.3-cp311-cp311-win_amd64.whl (206 kB)
Downloading scipy-1.16.2-cp311-cp311-win_amd64.whl (38.7 MB)
   ---------------------------------------- 38.7/38.7 MB 3.1 MB/s  0:00:12
Downloading matplotlib-3.10.6-cp311-cp311-win_amd64.whl (8.1 MB)
   ---------------------------------------- 8.1/8.1 MB 3.1 MB/s  0:00:02
Downloading contourpy-1.3.3-cp311-cp311-win_amd64.whl (225 kB)
Downloading cycler-0.12.1-py3-none-any.whl (8.3 kB)
Downloading fonttools-4.60.0-cp311-cp311-win_amd64.whl (2.3 MB)
   ---------------------------------------- 2.3/2.3 MB 3.2 MB/s  0:00:00
Downloading kiwisolver-1.4.9-cp311-cp311-win_amd64.whl (73 kB)
Downloading packaging-25.0-py3-none-any.whl (66 kB)
Downloading pyparsing-3.2.5-py3-none-any.whl (113 kB)
Downloading python_dateutil-2.9.0.post0-py2.py3-none-any.whl (229 kB)
Downloading six-1.17.0-py2.py3-none-any.whl (11 kB)
Downloading opencv_contrib_python-4.12.0.88-cp37-abi3-win_amd64.whl (45.3 MB)
   ---------------------------------------- 45.3/45.3 MB 3.1 MB/s  0:00:14
Downloading numpy-2.2.6-cp311-cp311-win_amd64.whl (12.9 MB)
   ---------------------------------------- 12.9/12.9 MB 3.2 MB/s  0:00:04
Downloading opt_einsum-3.4.0-py3-none-any.whl (71 kB)
Downloading pycparser-2.23-py3-none-any.whl (118 kB)
Installing collected packages: flatbuffers, six, pyparsing, pycparser, protobuf, pillow, packaging, opt_einsum, numpy, kiwisolver, fonttools, cycler, attrs, absl-py, scipy, python-dateutil, opencv-python, opencv-contrib-python, ml_dtypes, contourpy, CFFI, sounddevice, matplotlib, jaxlib, jax, mediapipe

Successfully installed CFFI-2.0.0 absl-py-2.3.1 attrs-25.3.0 contourpy-1.3.3 cycler-0.12.1 flatbuffers-25.2.10 fonttools-4.60.0 jax-0.7.2 jaxlib-0.7.2 kiwisolver-1.4.9 matplotlib-3.10.6 mediapipe-0.10.14 ml_dtypes-0.5.3 numpy-2.2.6 opencv-contrib-python-4.12.0.88 opencv-python-4.10.0.84 opt_einsum-3.4.0 packaging-25.0 pillow-11.3.0 protobuf-4.25.8 pycparser-2.23 pyparsing-3.2.5 python-dateutil-2.9.0.post0 scipy-1.16.2 six-1.17.0 sounddevice-0.5.2
executable: C:\Users\Cody\Desktop\tau_crystal\tau_crystal\.py311\python.exe
python: 3.11.9
sys.path[0]: C:\Users\Cody\Desktop\tau_crystal\tau_crystal\.py311\python311.zip
import numpy: FAIL -> No module named 'numpy'
import PIL: FAIL -> No module named 'PIL'
import cv2: FAIL -> No module named 'cv2'
import mediapipe: FAIL -> No module named 'mediapipe'
import google.protobuf: FAIL -> No module named 'google'
probe failed; showing tree under /c/Users/Cody/Desktop/tau_crystal/tau_crystal/.py311_site (depth 2)
/c/Users/Cody/Desktop/tau_crystal/tau_crystal/.py311_site/mediapipe
/c/Users/Cody/Desktop/tau_crystal/tau_crystal/.py311_site/mediapipe-0.10.14.dist-info
